{
  "RSpec": {
    "coverage": {
      "/Users/jeremy/projects/social_net/lib/social_net.rb": [
        1,
        1,
        1,
        1,
        null,
        1,
        null
      ],
      "/Users/jeremy/projects/social_net/lib/social_net/twitter.rb": [
        1,
        1,
        1,
        null,
        1,
        1,
        1,
        1,
        1,
        null,
        null
      ],
      "/Users/jeremy/projects/social_net/lib/social_net/twitter/config.rb": [
        1,
        null,
        1,
        1,
        1,
        1,
        0,
        null,
        null,
        1,
        0,
        null,
        null,
        null,
        null
      ],
      "/Users/jeremy/projects/social_net/lib/social_net/twitter/api/configuration.rb": [
        1,
        1,
        1,
        1,
        1,
        null,
        1,
        0,
        0,
        0,
        0,
        null,
        null,
        null,
        null,
        null
      ],
      "/Users/jeremy/projects/social_net/lib/social_net/twitter/errors.rb": [
        1,
        1,
        1,
        1
      ],
      "/Users/jeremy/projects/social_net/lib/social_net/twitter/errors/response_error.rb": [
        1,
        1,
        1,
        1,
        1,
        null,
        1,
        0,
        0,
        null,
        null,
        null,
        null,
        null
      ],
      "/Users/jeremy/projects/social_net/lib/social_net/twitter/errors/suspended_user.rb": [
        1,
        1,
        1,
        1,
        1,
        0,
        null,
        null,
        null,
        null,
        null
      ],
      "/Users/jeremy/projects/social_net/lib/social_net/twitter/errors/too_many_users.rb": [
        1,
        1,
        1,
        1,
        1,
        0,
        null,
        null,
        null,
        null,
        null
      ],
      "/Users/jeremy/projects/social_net/lib/social_net/twitter/errors/unknown_user.rb": [
        1,
        1,
        1,
        1,
        1,
        0,
        null,
        null,
        null,
        null,
        null
      ],
      "/Users/jeremy/projects/social_net/lib/social_net/twitter/models.rb": [
        1
      ],
      "/Users/jeremy/projects/social_net/lib/social_net/twitter/models/user.rb": [
        1,
        1,
        null,
        1,
        1,
        1,
        1,
        1,
        null,
        1,
        0,
        0,
        null,
        null,
        null,
        null,
        null,
        null,
        null,
        null,
        null,
        null,
        1,
        0,
        null,
        0,
        null,
        null,
        null,
        null,
        null,
        null,
        null,
        null,
        null,
        null,
        null,
        1,
        0,
        0,
        0,
        null,
        0,
        0,
        0,
        null,
        null,
        null,
        null,
        null,
        null,
        null,
        null,
        null,
        null,
        null,
        null,
        null,
        1,
        0,
        0,
        0,
        0,
        null,
        0,
        0,
        0,
        null,
        null,
        null,
        1,
        null,
        1,
        0,
        0,
        null,
        null,
        null,
        null,
        null,
        null
      ],
      "/Users/jeremy/projects/social_net/lib/social_net/twitter/api/request.rb": [
        1,
        1,
        1,
        null,
        1,
        1,
        1,
        1,
        1,
        0,
        0,
        0,
        0,
        0,
        null,
        null,
        1,
        null,
        null,
        0,
        null,
        0,
        null,
        0,
        0,
        null,
        0,
        null,
        null,
        null,
        1,
        null,
        1,
        0,
        0,
        null,
        null,
        null,
        1,
        0,
        null,
        0,
        0,
        null,
        null,
        1,
        0,
        null,
        null,
        1,
        0,
        null,
        null,
        1,
        0,
        null,
        null,
        1,
        0,
        0,
        0,
        0,
        0,
        null,
        null,
        null,
        null,
        1,
        0,
        0,
        0,
        null,
        null,
        1,
        0,
        0,
        null,
        null,
        1,
        0,
        0,
        null,
        0,
        null,
        null,
        1,
        0,
        0,
        0,
        0,
        0,
        0,
        0,
        null,
        null,
        null,
        1,
        0,
        0,
        null,
        null,
        1,
        null,
        0,
        0,
        null,
        null,
        1,
        0,
        0,
        0,
        0,
        null,
        0,
        0,
        null,
        null,
        null,
        null,
        null,
        null
      ],
      "/Users/jeremy/projects/social_net/lib/social_net/instagram.rb": [
        1,
        1,
        null,
        1,
        1,
        1,
        1,
        1,
        null,
        null
      ],
      "/Users/jeremy/projects/social_net/lib/social_net/instagram/config.rb": [
        1,
        null,
        1,
        1,
        1,
        1,
        1,
        null,
        null,
        1,
        13,
        null,
        null,
        null,
        null,
        null
      ],
      "/Users/jeremy/projects/social_net/lib/social_net/instagram/api/configuration.rb": [
        1,
        1,
        1,
        1,
        1,
        null,
        1,
        1,
        null,
        null,
        null,
        null,
        null
      ],
      "/Users/jeremy/projects/social_net/lib/social_net/instagram/models.rb": [
        1
      ],
      "/Users/jeremy/projects/social_net/lib/social_net/instagram/models/user.rb": [
        1,
        1,
        null,
        1,
        1,
        1,
        1,
        1,
        null,
        1,
        2,
        2,
        null,
        null,
        null,
        null,
        null,
        null,
        null,
        null,
        null,
        null,
        1,
        2,
        null,
        1,
        null,
        null,
        null,
        null,
        null,
        null,
        null,
        null,
        null,
        null,
        null,
        null,
        1,
        4,
        4,
        0,
        0,
        null,
        null,
        null,
        1,
        null,
        1,
        4,
        4,
        6,
        2,
        null,
        2,
        null,
        null,
        null,
        1,
        2,
        2,
        null,
        0,
        0,
        null,
        null,
        null,
        null,
        null,
        null
      ],
      "/Users/jeremy/projects/social_net/lib/social_net/instagram/api/request.rb": [
        1,
        1,
        1,
        1,
        null,
        1,
        1,
        1,
        1,
        1,
        6,
        6,
        6,
        6,
        null,
        null,
        1,
        null,
        6,
        null,
        6,
        null,
        0,
        null,
        null,
        null,
        1,
        1,
        6,
        6,
        null,
        null,
        null,
        1,
        6,
        6,
        null,
        null,
        1,
        18,
        null,
        null,
        1,
        null,
        6,
        6,
        6,
        null,
        null,
        1,
        0,
        0,
        0,
        0,
        null,
        0,
        0,
        null,
        null,
        null,
        null,
        null,
        null
      ],
      "/Users/jeremy/projects/social_net/lib/social_net/instagram/errors/response_error.rb": [
        1,
        1,
        1,
        1,
        1,
        null,
        1,
        0,
        0,
        null,
        null,
        null,
        null,
        null
      ],
      "/Users/jeremy/projects/social_net/lib/social_net/instagram/errors/unknown_user.rb": [
        1,
        1,
        1,
        1,
        1,
        0,
        null,
        null,
        null,
        null,
        null
      ],
      "/Users/jeremy/projects/social_net/lib/social_net/instagram/errors.rb": [
        1,
        1
      ],
      "/Users/jeremy/projects/social_net/lib/social_net/facebook.rb": [
        1,
        1,
        1,
        null,
        1,
        1,
        1,
        1,
        1,
        null,
        null
      ],
      "/Users/jeremy/projects/social_net/lib/social_net/facebook/config.rb": [
        1,
        null,
        1,
        1,
        1,
        1,
        0,
        null,
        null,
        1,
        0,
        null,
        null,
        null,
        null,
        null
      ],
      "/Users/jeremy/projects/social_net/lib/social_net/facebook/api/configuration.rb": [
        1,
        1,
        1,
        1,
        1,
        null,
        1,
        0,
        0,
        null,
        null,
        null,
        null,
        null
      ],
      "/Users/jeremy/projects/social_net/lib/social_net/facebook/models.rb": [
        1,
        1
      ],
      "/Users/jeremy/projects/social_net/lib/social_net/facebook/models/page.rb": [
        1,
        1,
        null,
        1,
        1,
        1,
        1,
        1,
        null,
        1,
        0,
        0,
        null,
        null,
        null,
        null,
        null,
        null,
        null,
        null,
        null,
        null,
        null,
        1,
        0,
        null,
        0,
        null,
        null,
        null,
        null,
        null,
        null,
        null,
        null,
        null,
        null,
        1,
        0,
        0,
        null,
        0,
        0,
        null,
        null,
        null,
        null,
        null,
        null
      ],
      "/Users/jeremy/projects/social_net/lib/social_net/facebook/api/request.rb": [
        1,
        1,
        1,
        null,
        1,
        1,
        1,
        1,
        1,
        0,
        0,
        0,
        0,
        0,
        null,
        null,
        1,
        null,
        0,
        null,
        0,
        null,
        0,
        null,
        null,
        null,
        1,
        1,
        0,
        0,
        null,
        null,
        null,
        1,
        0,
        0,
        null,
        null,
        1,
        0,
        null,
        null,
        1,
        0,
        null,
        null,
        1,
        null,
        0,
        0,
        null,
        null,
        1,
        0,
        0,
        0,
        0,
        null,
        0,
        0,
        null,
        null,
        null,
        null,
        null,
        null
      ],
      "/Users/jeremy/projects/social_net/lib/social_net/facebook/errors/response_error.rb": [
        1,
        1,
        1,
        1,
        1,
        null,
        1,
        0,
        0,
        null,
        null,
        null,
        null,
        null
      ],
      "/Users/jeremy/projects/social_net/lib/social_net/facebook/errors.rb": [
        1,
        1
      ],
      "/Users/jeremy/projects/social_net/lib/social_net/facebook/errors/unknown_user.rb": [
        1,
        1,
        1,
        1,
        1,
        0,
        null,
        null,
        null,
        null,
        null
      ],
      "/Users/jeremy/projects/social_net/lib/social_net/facebook/models/user.rb": [
        1,
        1,
        null,
        1,
        1,
        1,
        1,
        1,
        null,
        1,
        0,
        0,
        0,
        0,
        0,
        0,
        null,
        null,
        1,
        0,
        0,
        0,
        null,
        null,
        null,
        null,
        null,
        null,
        null,
        null,
        null,
        null,
        null,
        null,
        1,
        0,
        null,
        0,
        null,
        null,
        null,
        null,
        null,
        null,
        null,
        null,
        null,
        null,
        null,
        null,
        1,
        0,
        0,
        0,
        null,
        0,
        null,
        null,
        0,
        0,
        null,
        null,
        null,
        null,
        null,
        null
      ],
      "/Users/jeremy/projects/social_net/spec/support/vcr.rb": [
        1,
        1,
        null,
        1,
        1,
        1,
        1,
        7,
        1,
        6,
        0,
        null,
        6,
        null,
        null,
        1,
        6,
        0,
        null,
        null,
        1,
        null
      ]
    },
    "timestamp": 1489449485
  }
}
